<?xml version="1.0" encoding="UTF-8" ?>
<testsuite tests="2" failures="1" name="TestOperaciones" time="0.257" errors="0" skipped="0">
  <properties>
[...]
</properties>
  <testcase classname="TestOperaciones" name="TestOperaciones.testSumar" time="0.257">
    <failure message="La suma de 5 + 3 debe ser 8 ==&gt; expected: &lt;16&gt; but was: &lt;8&gt;" type="org.opentest4j.AssertionFailedError">org.opentest4j.AssertionFailedError: La suma de 5 + 3 debe ser 8 ==&gt; expected: &lt;16&gt; but was: &lt;8&gt;
	at org.junit.jupiter.api.AssertionUtils.fail(AssertionUtils.java:55)
	at org.junit.jupiter.api.AssertionUtils.failNotEqual(AssertionUtils.java:62)
	at org.junit.jupiter.api.AssertEquals.assertEquals(AssertEquals.java:150)
	at org.junit.jupiter.api.Assertions.assertEquals(Assertions.java:542)
	at TestOperaciones.testSumar(TestOperaciones.java:18)
</failure>
  </testcase>
  <testcase classname="TestOperaciones" name="TestOperaciones.testRestar" time="0"/>
</testsuite>